<?xml version="1.0" encoding="UTF-8"?>
<!-- Generated by org.testng.reporters.JUnitReportReporter -->
<testsuite hostname="DESKTOP-JE2TPP7" failures="0" tests="1" name="Module1_Login_Test.PBLoginTest1" time="16.653" errors="0" timestamp="2023-06-21T23:57:55 IST" skipped="0">
  <testcase classname="Module1_Login_Test.PBLoginTest1" name="VerifyFullName" time="16.653"/>
  <system-out/>
</testsuite> <!-- Module1_Login_Test.PBLoginTest1 -->
